<?xml version="1.0" encoding="UTF-8"?>
<coverage generated="1765343071260" clover="3.2.0">
  <project timestamp="1765343071260" name="All files">
    <metrics statements="178" coveredstatements="168" conditionals="83" coveredconditionals="65" methods="46" coveredmethods="44" elements="307" coveredelements="277" complexity="0" loc="178" ncloc="178" packages="1" files="3" classes="3"/>
    <file name="difficulty-manager.js" path="/Users/name/homelab/Gorilla_Tag_Math_Gam_20251209_183839-s4z/js/difficulty-manager.js">
      <metrics statements="55" coveredstatements="53" conditionals="21" coveredconditionals="14" methods="14" coveredmethods="13"/>
      <line num="6" count="1" type="stmt"/>
      <line num="10" count="1" type="stmt"/>
      <line num="11" count="1" type="stmt"/>
      <line num="14" count="1" type="stmt"/>
      <line num="15" count="1" type="stmt"/>
      <line num="18" count="1" type="stmt"/>
      <line num="25" count="1" type="stmt"/>
      <line num="26" count="1" type="stmt"/>
      <line num="27" count="1" type="stmt"/>
      <line num="28" count="1" type="stmt"/>
      <line num="35" count="7" type="stmt"/>
      <line num="43" count="49" type="cond" truecount="1" falsecount="1"/>
      <line num="52" count="0" type="cond" truecount="0" falsecount="2"/>
      <line num="60" count="4" type="stmt"/>
      <line num="61" count="4" type="stmt"/>
      <line num="62" count="4" type="stmt"/>
      <line num="69" count="53" type="stmt"/>
      <line num="70" count="53" type="stmt"/>
      <line num="78" count="22" type="stmt"/>
      <line num="79" count="22" type="stmt"/>
      <line num="81" count="22" type="stmt"/>
      <line num="89" count="10" type="stmt"/>
      <line num="90" count="10" type="stmt"/>
      <line num="92" count="10" type="stmt"/>
      <line num="100" count="34" type="stmt"/>
      <line num="101" count="34" type="stmt"/>
      <line num="102" count="34" type="stmt"/>
      <line num="105" count="34" type="cond" truecount="4" falsecount="0"/>
      <line num="106" count="4" type="stmt"/>
      <line num="107" count="4" type="stmt"/>
      <line num="108" count="4" type="stmt"/>
      <line num="109" count="4" type="stmt"/>
      <line num="110" count="4" type="stmt"/>
      <line num="113" count="30" type="cond" truecount="4" falsecount="0"/>
      <line num="114" count="2" type="stmt"/>
      <line num="115" count="2" type="stmt"/>
      <line num="116" count="2" type="stmt"/>
      <line num="117" count="2" type="stmt"/>
      <line num="118" count="2" type="stmt"/>
      <line num="121" count="34" type="stmt"/>
      <line num="137" count="2" type="stmt"/>
      <line num="138" count="2" type="stmt"/>
      <line num="139" count="2" type="stmt"/>
      <line num="147" count="3" type="cond" truecount="1" falsecount="1"/>
      <line num="148" count="0" type="stmt"/>
      <line num="152" count="3" type="stmt"/>
      <line num="157" count="3" type="cond" truecount="1" falsecount="1"/>
      <line num="165" count="10" type="stmt"/>
      <line num="181" count="43" type="stmt"/>
      <line num="182" count="43" type="stmt"/>
      <line num="183" count="43" type="stmt"/>
      <line num="191" count="2" type="stmt"/>
      <line num="206" count="1" type="stmt"/>
      <line num="228" count="1" type="cond" truecount="3" falsecount="1"/>
      <line num="229" count="1" type="stmt"/>
    </file>
    <file name="math-engine.js" path="/Users/name/homelab/Gorilla_Tag_Math_Gam_20251209_183839-s4z/js/math-engine.js">
      <metrics statements="59" coveredstatements="57" conditionals="39" coveredconditionals="31" methods="14" coveredmethods="14"/>
      <line num="7" count="1" type="stmt"/>
      <line num="11" count="1" type="stmt"/>
      <line num="35" count="1" type="stmt"/>
      <line num="49" count="618" type="stmt"/>
      <line num="50" count="618" type="stmt"/>
      <line num="51" count="618" type="stmt"/>
      <line num="59" count="257" type="stmt"/>
      <line num="70" count="257" type="cond" truecount="4" falsecount="1"/>
      <line num="72" count="83" type="stmt"/>
      <line num="74" count="88" type="stmt"/>
      <line num="76" count="36" type="stmt"/>
      <line num="78" count="50" type="stmt"/>
      <line num="80" count="0" type="stmt"/>
      <line num="90" count="83" type="stmt"/>
      <line num="91" count="83" type="stmt"/>
      <line num="92" count="83" type="stmt"/>
      <line num="101" count="88" type="stmt"/>
      <line num="102" count="88" type="stmt"/>
      <line num="105" count="88" type="cond" truecount="4" falsecount="0"/>
      <line num="106" count="43" type="stmt"/>
      <line num="109" count="88" type="stmt"/>
      <line num="118" count="36" type="cond" truecount="1" falsecount="1"/>
      <line num="119" count="36" type="stmt"/>
      <line num="120" count="36" type="stmt"/>
      <line num="121" count="36" type="stmt"/>
      <line num="130" count="50" type="cond" truecount="1" falsecount="1"/>
      <line num="133" count="50" type="stmt"/>
      <line num="134" count="50" type="stmt"/>
      <line num="135" count="50" type="stmt"/>
      <line num="137" count="50" type="stmt"/>
      <line num="147" count="257" type="cond" truecount="4" falsecount="1"/>
      <line num="149" count="83" type="stmt"/>
      <line num="151" count="88" type="stmt"/>
      <line num="153" count="36" type="stmt"/>
      <line num="155" count="50" type="stmt"/>
      <line num="157" count="0" type="stmt"/>
      <line num="169" count="257" type="cond" truecount="1" falsecount="1"/>
      <line num="172" count="257" type="cond" truecount="2" falsecount="0"/>
      <line num="173" count="104" type="stmt"/>
      <line num="174" count="104" type="stmt"/>
      <line num="178" count="257" type="cond" truecount="2" falsecount="0"/>
      <line num="179" count="1" type="stmt"/>
      <line num="183" count="257" type="stmt"/>
      <line num="186" count="257" type="stmt"/>
      <line num="189" count="257" type="cond" truecount="1" falsecount="1"/>
      <line num="190" count="257" type="stmt"/>
      <line num="192" count="257" type="stmt"/>
      <line num="211" count="7" type="stmt"/>
      <line num="214" count="7" type="cond" truecount="2" falsecount="0"/>
      <line num="215" count="2" type="stmt"/>
      <line num="219" count="5" type="stmt"/>
      <line num="220" count="5" type="stmt"/>
      <line num="229" count="4" type="cond" truecount="2" falsecount="0"/>
      <line num="230" count="4" type="stmt"/>
      <line num="239" count="5" type="cond" truecount="2" falsecount="0"/>
      <line num="248" count="2" type="cond" truecount="1" falsecount="1"/>
      <line num="252" count="1" type="stmt"/>
      <line num="270" count="1" type="cond" truecount="3" falsecount="1"/>
      <line num="271" count="1" type="stmt"/>
    </file>
    <file name="score-manager.js" path="/Users/name/homelab/Gorilla_Tag_Math_Gam_20251209_183839-s4z/js/score-manager.js">
      <metrics statements="64" coveredstatements="58" conditionals="23" coveredconditionals="20" methods="18" coveredmethods="17"/>
      <line num="6" count="1" type="stmt"/>
      <line num="10" count="1" type="stmt"/>
      <line num="13" count="1" type="stmt"/>
      <line num="20" count="1" type="stmt"/>
      <line num="29" count="1" type="stmt"/>
      <line num="43" count="28" type="stmt"/>
      <line num="44" count="28" type="stmt"/>
      <line num="45" count="28" type="cond" truecount="1" falsecount="1"/>
      <line num="46" count="0" type="stmt"/>
      <line num="47" count="0" type="stmt"/>
      <line num="50" count="0" type="stmt"/>
      <line num="58" count="16" type="stmt"/>
      <line num="59" count="16" type="stmt"/>
      <line num="60" count="16" type="stmt"/>
      <line num="62" count="0" type="stmt"/>
      <line num="73" count="39" type="stmt"/>
      <line num="74" count="39" type="stmt"/>
      <line num="75" count="39" type="stmt"/>
      <line num="77" count="39" type="stmt"/>
      <line num="87" count="46" type="stmt"/>
      <line num="88" count="46" type="stmt"/>
      <line num="90" count="46" type="stmt"/>
      <line num="92" count="46" type="cond" truecount="2" falsecount="0"/>
      <line num="93" count="39" type="stmt"/>
      <line num="94" count="39" type="stmt"/>
      <line num="95" count="39" type="stmt"/>
      <line num="98" count="39" type="cond" truecount="2" falsecount="0"/>
      <line num="99" count="36" type="stmt"/>
      <line num="103" count="39" type="stmt"/>
      <line num="104" count="39" type="stmt"/>
      <line num="107" count="7" type="stmt"/>
      <line num="110" count="46" type="stmt"/>
      <line num="122" count="52" type="stmt"/>
      <line num="140" count="0" type="stmt"/>
      <line num="147" count="33" type="stmt"/>
      <line num="161" count="10" type="stmt"/>
      <line num="163" count="10" type="stmt"/>
      <line num="165" count="10" type="cond" truecount="2" falsecount="0"/>
      <line num="166" count="7" type="stmt"/>
      <line num="169" count="10" type="stmt"/>
      <line num="171" count="10" type="stmt"/>
      <line num="188" count="2" type="cond" truecount="2" falsecount="0"/>
      <line num="189" count="1" type="stmt"/>
      <line num="190" count="1" type="stmt"/>
      <line num="191" count="1" type="stmt"/>
      <line num="193" count="1" type="stmt"/>
      <line num="201" count="3" type="stmt"/>
      <line num="209" count="2" type="stmt"/>
      <line num="210" count="2" type="stmt"/>
      <line num="218" count="3" type="cond" truecount="1" falsecount="1"/>
      <line num="226" count="3" type="stmt"/>
      <line num="227" count="3" type="stmt"/>
      <line num="235" count="4" type="stmt"/>
      <line num="243" count="3" type="stmt"/>
      <line num="259" count="27" type="stmt"/>
      <line num="268" count="27" type="stmt"/>
      <line num="270" count="27" type="stmt"/>
      <line num="271" count="27" type="stmt"/>
      <line num="273" count="0" type="stmt"/>
      <line num="281" count="28" type="stmt"/>
      <line num="285" count="1" type="stmt"/>
      <line num="288" count="1" type="stmt"/>
      <line num="310" count="1" type="cond" truecount="3" falsecount="1"/>
      <line num="311" count="1" type="stmt"/>
    </file>
  </project>
</coverage>
