{"/Users/name/homelab/Gorilla_Tag_Math_Gam_20251209_183839-s4z/js/difficulty-manager.js": {"path":"/Users/name/homelab/Gorilla_Tag_Math_Gam_20251209_183839-s4z/js/difficulty-manager.js","statementMap":{"0":{"start":{"line":6,"column":26},"end":{"line":225,"column":4}},"1":{"start":{"line":10,"column":27},"end":{"line":10,"column":28}},"2":{"start":{"line":11,"column":27},"end":{"line":11,"column":28}},"3":{"start":{"line":14,"column":32},"end":{"line":14,"column":33}},"4":{"start":{"line":15,"column":34},"end":{"line":15,"column":35}},"5":{"start":{"line":18,"column":29},"end":{"line":22,"column":5}},"6":{"start":{"line":25,"column":28},"end":{"line":25,"column":29}},"7":{"start":{"line":26,"column":24},"end":{"line":26,"column":25}},"8":{"start":{"line":27,"column":26},"end":{"line":27,"column":27}},"9":{"start":{"line":28,"column":25},"end":{"line":28,"column":29}},"10":{"start":{"line":35,"column":8},"end":{"line":35,"column":33}},"11":{"start":{"line":43,"column":8},"end":{"line":43,"column":64}},"12":{"start":{"line":52,"column":8},"end":{"line":52,"column":52}},"13":{"start":{"line":60,"column":25},"end":{"line":60,"column":82}},"14":{"start":{"line":61,"column":8},"end":{"line":61,"column":37}},"15":{"start":{"line":62,"column":8},"end":{"line":62,"column":23}},"16":{"start":{"line":69,"column":8},"end":{"line":69,"column":26}},"17":{"start":{"line":70,"column":8},"end":{"line":70,"column":28}},"18":{"start":{"line":78,"column":8},"end":{"line":78,"column":24}},"19":{"start":{"line":79,"column":8},"end":{"line":79,"column":28}},"20":{"start":{"line":81,"column":8},"end":{"line":81,"column":36}},"21":{"start":{"line":89,"column":8},"end":{"line":89,"column":26}},"22":{"start":{"line":90,"column":8},"end":{"line":90,"column":26}},"23":{"start":{"line":92,"column":8},"end":{"line":92,"column":36}},"24":{"start":{"line":100,"column":27},"end":{"line":100,"column":32}},"25":{"start":{"line":101,"column":24},"end":{"line":101,"column":28}},"26":{"start":{"line":102,"column":30},"end":{"line":102,"column":47}},"27":{"start":{"line":105,"column":8},"end":{"line":119,"column":9}},"28":{"start":{"line":106,"column":12},"end":{"line":106,"column":32}},"29":{"start":{"line":107,"column":12},"end":{"line":107,"column":32}},"30":{"start":{"line":108,"column":12},"end":{"line":108,"column":29}},"31":{"start":{"line":109,"column":12},"end":{"line":109,"column":27}},"32":{"start":{"line":110,"column":12},"end":{"line":110,"column":72}},"33":{"start":{"line":113,"column":13},"end":{"line":119,"column":9}},"34":{"start":{"line":114,"column":12},"end":{"line":114,"column":32}},"35":{"start":{"line":115,"column":12},"end":{"line":115,"column":32}},"36":{"start":{"line":116,"column":12},"end":{"line":116,"column":31}},"37":{"start":{"line":117,"column":12},"end":{"line":117,"column":27}},"38":{"start":{"line":118,"column":12},"end":{"line":118,"column":74}},"39":{"start":{"line":121,"column":8},"end":{"line":127,"column":10}},"40":{"start":{"line":137,"column":8},"end":{"line":137,"column":38}},"41":{"start":{"line":138,"column":8},"end":{"line":138,"column":42}},"42":{"start":{"line":139,"column":8},"end":{"line":139,"column":36}},"43":{"start":{"line":147,"column":8},"end":{"line":149,"column":9}},"44":{"start":{"line":148,"column":12},"end":{"line":148,"column":70}},"45":{"start":{"line":152,"column":34},"end":{"line":156,"column":9}},"46":{"start":{"line":157,"column":8},"end":{"line":157,"column":66}},"47":{"start":{"line":165,"column":8},"end":{"line":173,"column":10}},"48":{"start":{"line":181,"column":8},"end":{"line":181,"column":99}},"49":{"start":{"line":182,"column":8},"end":{"line":182,"column":23}},"50":{"start":{"line":183,"column":8},"end":{"line":183,"column":30}},"51":{"start":{"line":191,"column":8},"end":{"line":202,"column":10}},"52":{"start":{"line":206,"column":4},"end":{"line":224,"column":6}},"53":{"start":{"line":228,"column":0},"end":{"line":230,"column":1}},"54":{"start":{"line":229,"column":4},"end":{"line":229,"column":39}}},"fnMap":{"0":{"name":"(anonymous_0)","decl":{"start":{"line":6,"column":27},"end":{"line":6,"column":28}},"loc":{"start":{"line":6,"column":38},"end":{"line":225,"column":1}},"line":6},"1":{"name":"getCurrentDifficulty","decl":{"start":{"line":34,"column":13},"end":{"line":34,"column":33}},"loc":{"start":{"line":34,"column":36},"end":{"line":36,"column":5}},"line":34},"2":{"name":"getDifficultyName","decl":{"start":{"line":42,"column":13},"end":{"line":42,"column":30}},"loc":{"start":{"line":42,"column":33},"end":{"line":44,"column":5}},"line":42},"3":{"name":"getDifficultyNameForLevel","decl":{"start":{"line":51,"column":13},"end":{"line":51,"column":38}},"loc":{"start":{"line":51,"column":46},"end":{"line":53,"column":5}},"line":51},"4":{"name":"setDifficulty","decl":{"start":{"line":59,"column":13},"end":{"line":59,"column":26}},"loc":{"start":{"line":59,"column":34},"end":{"line":63,"column":5}},"line":59},"5":{"name":"resetStreaks","decl":{"start":{"line":68,"column":13},"end":{"line":68,"column":25}},"loc":{"start":{"line":68,"column":28},"end":{"line":71,"column":5}},"line":68},"6":{"name":"recordCorrect","decl":{"start":{"line":77,"column":13},"end":{"line":77,"column":26}},"loc":{"start":{"line":77,"column":29},"end":{"line":82,"column":5}},"line":77},"7":{"name":"recordIncorrect","decl":{"start":{"line":88,"column":13},"end":{"line":88,"column":28}},"loc":{"start":{"line":88,"column":31},"end":{"line":93,"column":5}},"line":88},"8":{"name":"checkForAdjustment","decl":{"start":{"line":99,"column":13},"end":{"line":99,"column":31}},"loc":{"start":{"line":99,"column":34},"end":{"line":128,"column":5}},"line":99},"9":{"name":"adjustDifficulty","decl":{"start":{"line":136,"column":13},"end":{"line":136,"column":29}},"loc":{"start":{"line":136,"column":62},"end":{"line":140,"column":5}},"line":136},"10":{"name":"getAllowedOperations","decl":{"start":{"line":146,"column":13},"end":{"line":146,"column":33}},"loc":{"start":{"line":146,"column":36},"end":{"line":158,"column":5}},"line":146},"11":{"name":"getState","decl":{"start":{"line":164,"column":13},"end":{"line":164,"column":21}},"loc":{"start":{"line":164,"column":24},"end":{"line":174,"column":5}},"line":164},"12":{"name":"reset","decl":{"start":{"line":180,"column":13},"end":{"line":180,"column":18}},"loc":{"start":{"line":180,"column":43},"end":{"line":184,"column":5}},"line":180},"13":{"name":"getStats","decl":{"start":{"line":190,"column":13},"end":{"line":190,"column":21}},"loc":{"start":{"line":190,"column":24},"end":{"line":203,"column":5}},"line":190}},"branchMap":{"0":{"loc":{"start":{"line":43,"column":15},"end":{"line":43,"column":63}},"type":"binary-expr","locations":[{"start":{"line":43,"column":15},"end":{"line":43,"column":50}},{"start":{"line":43,"column":54},"end":{"line":43,"column":63}}],"line":43},"1":{"loc":{"start":{"line":52,"column":15},"end":{"line":52,"column":51}},"type":"binary-expr","locations":[{"start":{"line":52,"column":15},"end":{"line":52,"column":38}},{"start":{"line":52,"column":42},"end":{"line":52,"column":51}}],"line":52},"2":{"loc":{"start":{"line":105,"column":8},"end":{"line":119,"column":9}},"type":"if","locations":[{"start":{"line":105,"column":8},"end":{"line":119,"column":9}},{"start":{"line":113,"column":13},"end":{"line":119,"column":9}}],"line":105},"3":{"loc":{"start":{"line":105,"column":12},"end":{"line":105,"column":86}},"type":"binary-expr","locations":[{"start":{"line":105,"column":12},"end":{"line":105,"column":48}},{"start":{"line":105,"column":52},"end":{"line":105,"column":86}}],"line":105},"4":{"loc":{"start":{"line":113,"column":13},"end":{"line":119,"column":9}},"type":"if","locations":[{"start":{"line":113,"column":13},"end":{"line":119,"column":9}},{"start":{},"end":{}}],"line":113},"5":{"loc":{"start":{"line":113,"column":17},"end":{"line":113,"column":95}},"type":"binary-expr","locations":[{"start":{"line":113,"column":17},"end":{"line":113,"column":57}},{"start":{"line":113,"column":61},"end":{"line":113,"column":95}}],"line":113},"6":{"loc":{"start":{"line":147,"column":8},"end":{"line":149,"column":9}},"type":"if","locations":[{"start":{"line":147,"column":8},"end":{"line":149,"column":9}},{"start":{},"end":{}}],"line":147},"7":{"loc":{"start":{"line":157,"column":15},"end":{"line":157,"column":65}},"type":"binary-expr","locations":[{"start":{"line":157,"column":15},"end":{"line":157,"column":51}},{"start":{"line":157,"column":55},"end":{"line":157,"column":65}}],"line":157},"8":{"loc":{"start":{"line":180,"column":19},"end":{"line":180,"column":41}},"type":"default-arg","locations":[{"start":{"line":180,"column":40},"end":{"line":180,"column":41}}],"line":180},"9":{"loc":{"start":{"line":228,"column":0},"end":{"line":230,"column":1}},"type":"if","locations":[{"start":{"line":228,"column":0},"end":{"line":230,"column":1}},{"start":{},"end":{}}],"line":228},"10":{"loc":{"start":{"line":228,"column":4},"end":{"line":228,"column":51}},"type":"binary-expr","locations":[{"start":{"line":228,"column":4},"end":{"line":228,"column":33}},{"start":{"line":228,"column":37},"end":{"line":228,"column":51}}],"line":228}},"s":{"0":1,"1":1,"2":1,"3":1,"4":1,"5":1,"6":1,"7":1,"8":1,"9":1,"10":7,"11":49,"12":0,"13":4,"14":4,"15":4,"16":53,"17":53,"18":22,"19":22,"20":22,"21":10,"22":10,"23":10,"24":34,"25":34,"26":34,"27":34,"28":4,"29":4,"30":4,"31":4,"32":4,"33":30,"34":2,"35":2,"36":2,"37":2,"38":2,"39":34,"40":2,"41":2,"42":2,"43":3,"44":0,"45":3,"46":3,"47":10,"48":43,"49":43,"50":43,"51":2,"52":1,"53":1,"54":1},"f":{"0":1,"1":7,"2":49,"3":0,"4":4,"5":53,"6":22,"7":10,"8":34,"9":2,"10":3,"11":10,"12":43,"13":2},"b":{"0":[49,0],"1":[0,0],"2":[4,30],"3":[34,5],"4":[2,28],"5":[30,3],"6":[0,3],"7":[3,0],"8":[0],"9":[1,0],"10":[1,1]},"_coverageSchema":"1a1c01bbd47fc00a2c39e90264f33305004495a9","hash":"6f6724e1a99ab03954b3805434dce6e58c6a4c77"}
,"/Users/name/homelab/Gorilla_Tag_Math_Gam_20251209_183839-s4z/js/math-engine.js": {"path":"/Users/name/homelab/Gorilla_Tag_Math_Gam_20251209_183839-s4z/js/math-engine.js","statementMap":{"0":{"start":{"line":7,"column":19},"end":{"line":267,"column":4}},"1":{"start":{"line":11,"column":30},"end":{"line":32,"column":5}},"2":{"start":{"line":35,"column":30},"end":{"line":40,"column":5}},"3":{"start":{"line":49,"column":8},"end":{"line":49,"column":29}},"4":{"start":{"line":50,"column":8},"end":{"line":50,"column":30}},"5":{"start":{"line":51,"column":8},"end":{"line":51,"column":65}},"6":{"start":{"line":59,"column":8},"end":{"line":59,"column":84}},"7":{"start":{"line":70,"column":8},"end":{"line":81,"column":9}},"8":{"start":{"line":72,"column":16},"end":{"line":72,"column":43}},"9":{"start":{"line":74,"column":16},"end":{"line":74,"column":43}},"10":{"start":{"line":76,"column":16},"end":{"line":76,"column":43}},"11":{"start":{"line":78,"column":16},"end":{"line":78,"column":43}},"12":{"start":{"line":80,"column":16},"end":{"line":80,"column":67}},"13":{"start":{"line":90,"column":25},"end":{"line":90,"column":75}},"14":{"start":{"line":91,"column":25},"end":{"line":91,"column":75}},"15":{"start":{"line":92,"column":8},"end":{"line":92,"column":38}},"16":{"start":{"line":101,"column":23},"end":{"line":101,"column":73}},"17":{"start":{"line":102,"column":23},"end":{"line":102,"column":73}},"18":{"start":{"line":105,"column":8},"end":{"line":107,"column":9}},"19":{"start":{"line":106,"column":12},"end":{"line":106,"column":56}},"20":{"start":{"line":109,"column":8},"end":{"line":109,"column":38}},"21":{"start":{"line":118,"column":30},"end":{"line":118,"column":56}},"22":{"start":{"line":119,"column":25},"end":{"line":119,"column":55}},"23":{"start":{"line":120,"column":25},"end":{"line":120,"column":55}},"24":{"start":{"line":121,"column":8},"end":{"line":121,"column":38}},"25":{"start":{"line":130,"column":30},"end":{"line":130,"column":56}},"26":{"start":{"line":133,"column":25},"end":{"line":133,"column":55}},"27":{"start":{"line":134,"column":25},"end":{"line":134,"column":55}},"28":{"start":{"line":135,"column":25},"end":{"line":135,"column":44}},"29":{"start":{"line":137,"column":8},"end":{"line":137,"column":38}},"30":{"start":{"line":147,"column":8},"end":{"line":158,"column":9}},"31":{"start":{"line":149,"column":16},"end":{"line":149,"column":56}},"32":{"start":{"line":151,"column":16},"end":{"line":151,"column":59}},"33":{"start":{"line":153,"column":16},"end":{"line":153,"column":62}},"34":{"start":{"line":155,"column":16},"end":{"line":155,"column":56}},"35":{"start":{"line":157,"column":16},"end":{"line":157,"column":56}},"36":{"start":{"line":169,"column":23},"end":{"line":169,"column":76}},"37":{"start":{"line":172,"column":8},"end":{"line":175,"column":9}},"38":{"start":{"line":173,"column":32},"end":{"line":173,"column":77}},"39":{"start":{"line":174,"column":12},"end":{"line":174,"column":55}},"40":{"start":{"line":178,"column":8},"end":{"line":180,"column":9}},"41":{"start":{"line":179,"column":12},"end":{"line":179,"column":45}},"42":{"start":{"line":183,"column":39},"end":{"line":183,"column":74}},"43":{"start":{"line":186,"column":30},"end":{"line":186,"column":76}},"44":{"start":{"line":189,"column":30},"end":{"line":189,"column":71}},"45":{"start":{"line":190,"column":28},"end":{"line":190,"column":74}},"46":{"start":{"line":192,"column":8},"end":{"line":200,"column":10}},"47":{"start":{"line":211,"column":30},"end":{"line":211,"column":52}},"48":{"start":{"line":214,"column":8},"end":{"line":216,"column":9}},"49":{"start":{"line":215,"column":12},"end":{"line":215,"column":25}},"50":{"start":{"line":219,"column":24},"end":{"line":219,"column":30}},"51":{"start":{"line":220,"column":8},"end":{"line":220,"column":65}},"52":{"start":{"line":229,"column":23},"end":{"line":229,"column":76}},"53":{"start":{"line":230,"column":8},"end":{"line":230,"column":38}},"54":{"start":{"line":239,"column":8},"end":{"line":239,"column":57}},"55":{"start":{"line":248,"column":8},"end":{"line":248,"column":78}},"56":{"start":{"line":252,"column":4},"end":{"line":266,"column":6}},"57":{"start":{"line":270,"column":0},"end":{"line":272,"column":1}},"58":{"start":{"line":271,"column":4},"end":{"line":271,"column":32}}},"fnMap":{"0":{"name":"(anonymous_0)","decl":{"start":{"line":7,"column":20},"end":{"line":7,"column":21}},"loc":{"start":{"line":7,"column":31},"end":{"line":267,"column":1}},"line":7},"1":{"name":"getRandomInt","decl":{"start":{"line":48,"column":13},"end":{"line":48,"column":25}},"loc":{"start":{"line":48,"column":36},"end":{"line":52,"column":5}},"line":48},"2":{"name":"generateProblemId","decl":{"start":{"line":58,"column":13},"end":{"line":58,"column":30}},"loc":{"start":{"line":58,"column":33},"end":{"line":60,"column":5}},"line":58},"3":{"name":"calculateAnswer","decl":{"start":{"line":69,"column":13},"end":{"line":69,"column":28}},"loc":{"start":{"line":69,"column":60},"end":{"line":82,"column":5}},"line":69},"4":{"name":"generateAdditionOperands","decl":{"start":{"line":89,"column":13},"end":{"line":89,"column":37}},"loc":{"start":{"line":89,"column":46},"end":{"line":93,"column":5}},"line":89},"5":{"name":"generateSubtractionOperands","decl":{"start":{"line":100,"column":13},"end":{"line":100,"column":40}},"loc":{"start":{"line":100,"column":49},"end":{"line":110,"column":5}},"line":100},"6":{"name":"generateMultiplicationOperands","decl":{"start":{"line":117,"column":13},"end":{"line":117,"column":43}},"loc":{"start":{"line":117,"column":52},"end":{"line":122,"column":5}},"line":117},"7":{"name":"generateDivisionOperands","decl":{"start":{"line":129,"column":13},"end":{"line":129,"column":37}},"loc":{"start":{"line":129,"column":46},"end":{"line":138,"column":5}},"line":129},"8":{"name":"generateOperands","decl":{"start":{"line":146,"column":13},"end":{"line":146,"column":29}},"loc":{"start":{"line":146,"column":49},"end":{"line":159,"column":5}},"line":146},"9":{"name":"generateProblem","decl":{"start":{"line":167,"column":13},"end":{"line":167,"column":28}},"loc":{"start":{"line":167,"column":56},"end":{"line":201,"column":5}},"line":167},"10":{"name":"checkAnswer","decl":{"start":{"line":209,"column":13},"end":{"line":209,"column":24}},"loc":{"start":{"line":209,"column":52},"end":{"line":221,"column":5}},"line":209},"11":{"name":"getAllowedOperations","decl":{"start":{"line":228,"column":13},"end":{"line":228,"column":33}},"loc":{"start":{"line":228,"column":46},"end":{"line":231,"column":5}},"line":228},"12":{"name":"getOperationSymbol","decl":{"start":{"line":238,"column":13},"end":{"line":238,"column":31}},"loc":{"start":{"line":238,"column":43},"end":{"line":240,"column":5}},"line":238},"13":{"name":"getDifficultyConfig","decl":{"start":{"line":247,"column":13},"end":{"line":247,"column":32}},"loc":{"start":{"line":247,"column":45},"end":{"line":249,"column":5}},"line":247}},"branchMap":{"0":{"loc":{"start":{"line":70,"column":8},"end":{"line":81,"column":9}},"type":"switch","locations":[{"start":{"line":71,"column":12},"end":{"line":72,"column":43}},{"start":{"line":73,"column":12},"end":{"line":74,"column":43}},{"start":{"line":75,"column":12},"end":{"line":76,"column":43}},{"start":{"line":77,"column":12},"end":{"line":78,"column":43}},{"start":{"line":79,"column":12},"end":{"line":80,"column":67}}],"line":70},"1":{"loc":{"start":{"line":105,"column":8},"end":{"line":107,"column":9}},"type":"if","locations":[{"start":{"line":105,"column":8},"end":{"line":107,"column":9}},{"start":{},"end":{}}],"line":105},"2":{"loc":{"start":{"line":105,"column":12},"end":{"line":105,"column":63}},"type":"binary-expr","locations":[{"start":{"line":105,"column":12},"end":{"line":105,"column":40}},{"start":{"line":105,"column":44},"end":{"line":105,"column":63}}],"line":105},"3":{"loc":{"start":{"line":118,"column":30},"end":{"line":118,"column":56}},"type":"binary-expr","locations":[{"start":{"line":118,"column":30},"end":{"line":118,"column":50}},{"start":{"line":118,"column":54},"end":{"line":118,"column":56}}],"line":118},"4":{"loc":{"start":{"line":130,"column":30},"end":{"line":130,"column":56}},"type":"binary-expr","locations":[{"start":{"line":130,"column":30},"end":{"line":130,"column":50}},{"start":{"line":130,"column":54},"end":{"line":130,"column":56}}],"line":130},"5":{"loc":{"start":{"line":147,"column":8},"end":{"line":158,"column":9}},"type":"switch","locations":[{"start":{"line":148,"column":12},"end":{"line":149,"column":56}},{"start":{"line":150,"column":12},"end":{"line":151,"column":59}},{"start":{"line":152,"column":12},"end":{"line":153,"column":62}},{"start":{"line":154,"column":12},"end":{"line":155,"column":56}},{"start":{"line":156,"column":12},"end":{"line":157,"column":56}}],"line":147},"6":{"loc":{"start":{"line":167,"column":40},"end":{"line":167,"column":54}},"type":"default-arg","locations":[{"start":{"line":167,"column":53},"end":{"line":167,"column":54}}],"line":167},"7":{"loc":{"start":{"line":169,"column":23},"end":{"line":169,"column":76}},"type":"binary-expr","locations":[{"start":{"line":169,"column":23},"end":{"line":169,"column":52}},{"start":{"line":169,"column":56},"end":{"line":169,"column":76}}],"line":169},"8":{"loc":{"start":{"line":172,"column":8},"end":{"line":175,"column":9}},"type":"if","locations":[{"start":{"line":172,"column":8},"end":{"line":175,"column":9}},{"start":{},"end":{}}],"line":172},"9":{"loc":{"start":{"line":178,"column":8},"end":{"line":180,"column":9}},"type":"if","locations":[{"start":{"line":178,"column":8},"end":{"line":180,"column":9}},{"start":{},"end":{}}],"line":178},"10":{"loc":{"start":{"line":189,"column":30},"end":{"line":189,"column":71}},"type":"binary-expr","locations":[{"start":{"line":189,"column":30},"end":{"line":189,"column":58}},{"start":{"line":189,"column":62},"end":{"line":189,"column":71}}],"line":189},"11":{"loc":{"start":{"line":214,"column":8},"end":{"line":216,"column":9}},"type":"if","locations":[{"start":{"line":214,"column":8},"end":{"line":216,"column":9}},{"start":{},"end":{}}],"line":214},"12":{"loc":{"start":{"line":229,"column":23},"end":{"line":229,"column":76}},"type":"binary-expr","locations":[{"start":{"line":229,"column":23},"end":{"line":229,"column":52}},{"start":{"line":229,"column":56},"end":{"line":229,"column":76}}],"line":229},"13":{"loc":{"start":{"line":239,"column":15},"end":{"line":239,"column":56}},"type":"binary-expr","locations":[{"start":{"line":239,"column":15},"end":{"line":239,"column":43}},{"start":{"line":239,"column":47},"end":{"line":239,"column":56}}],"line":239},"14":{"loc":{"start":{"line":248,"column":21},"end":{"line":248,"column":74}},"type":"binary-expr","locations":[{"start":{"line":248,"column":21},"end":{"line":248,"column":50}},{"start":{"line":248,"column":54},"end":{"line":248,"column":74}}],"line":248},"15":{"loc":{"start":{"line":270,"column":0},"end":{"line":272,"column":1}},"type":"if","locations":[{"start":{"line":270,"column":0},"end":{"line":272,"column":1}},{"start":{},"end":{}}],"line":270},"16":{"loc":{"start":{"line":270,"column":4},"end":{"line":270,"column":51}},"type":"binary-expr","locations":[{"start":{"line":270,"column":4},"end":{"line":270,"column":33}},{"start":{"line":270,"column":37},"end":{"line":270,"column":51}}],"line":270}},"s":{"0":1,"1":1,"2":1,"3":618,"4":618,"5":618,"6":257,"7":257,"8":83,"9":88,"10":36,"11":50,"12":0,"13":83,"14":83,"15":83,"16":88,"17":88,"18":88,"19":43,"20":88,"21":36,"22":36,"23":36,"24":36,"25":50,"26":50,"27":50,"28":50,"29":50,"30":257,"31":83,"32":88,"33":36,"34":50,"35":0,"36":257,"37":257,"38":104,"39":104,"40":257,"41":1,"42":257,"43":257,"44":257,"45":257,"46":257,"47":7,"48":7,"49":2,"50":5,"51":5,"52":4,"53":4,"54":5,"55":2,"56":1,"57":1,"58":1},"f":{"0":1,"1":618,"2":257,"3":257,"4":83,"5":88,"6":36,"7":50,"8":257,"9":257,"10":7,"11":4,"12":5,"13":2},"b":{"0":[83,88,36,50,0],"1":[43,45],"2":[88,88],"3":[36,0],"4":[50,0],"5":[83,88,36,50,0],"6":[3],"7":[257,0],"8":[104,153],"9":[1,256],"10":[257,0],"11":[2,5],"12":[4,1],"13":[5,1],"14":[2,0],"15":[1,0],"16":[1,1]},"_coverageSchema":"1a1c01bbd47fc00a2c39e90264f33305004495a9","hash":"f5b586567777ebdfbd73e6e851f3fad52a684a99"}
,"/Users/name/homelab/Gorilla_Tag_Math_Gam_20251209_183839-s4z/js/score-manager.js": {"path":"/Users/name/homelab/Gorilla_Tag_Math_Gam_20251209_183839-s4z/js/score-manager.js","statementMap":{"0":{"start":{"line":6,"column":21},"end":{"line":307,"column":4}},"1":{"start":{"line":10,"column":24},"end":{"line":10,"column":51}},"2":{"start":{"line":13,"column":19},"end":{"line":17,"column":5}},"3":{"start":{"line":20,"column":20},"end":{"line":26,"column":5}},"4":{"start":{"line":29,"column":21},"end":{"line":37,"column":5}},"5":{"start":{"line":43,"column":8},"end":{"line":51,"column":9}},"6":{"start":{"line":44,"column":27},"end":{"line":44,"column":60}},"7":{"start":{"line":45,"column":12},"end":{"line":48,"column":13}},"8":{"start":{"line":46,"column":31},"end":{"line":46,"column":49}},"9":{"start":{"line":47,"column":16},"end":{"line":47,"column":58}},"10":{"start":{"line":50,"column":12},"end":{"line":50,"column":63}},"11":{"start":{"line":58,"column":8},"end":{"line":63,"column":9}},"12":{"start":{"line":59,"column":12},"end":{"line":59,"column":61}},"13":{"start":{"line":60,"column":12},"end":{"line":60,"column":74}},"14":{"start":{"line":62,"column":12},"end":{"line":62,"column":63}},"15":{"start":{"line":73,"column":27},"end":{"line":73,"column":46}},"16":{"start":{"line":74,"column":28},"end":{"line":74,"column":75}},"17":{"start":{"line":75,"column":32},"end":{"line":75,"column":86}},"18":{"start":{"line":77,"column":8},"end":{"line":77,"column":72}},"19":{"start":{"line":87,"column":8},"end":{"line":87,"column":35}},"20":{"start":{"line":88,"column":8},"end":{"line":88,"column":44}},"21":{"start":{"line":90,"column":27},"end":{"line":90,"column":28}},"22":{"start":{"line":92,"column":8},"end":{"line":108,"column":9}},"23":{"start":{"line":93,"column":12},"end":{"line":93,"column":31}},"24":{"start":{"line":94,"column":12},"end":{"line":94,"column":37}},"25":{"start":{"line":95,"column":12},"end":{"line":95,"column":45}},"26":{"start":{"line":98,"column":12},"end":{"line":100,"column":13}},"27":{"start":{"line":99,"column":16},"end":{"line":99,"column":64}},"28":{"start":{"line":103,"column":12},"end":{"line":103,"column":73}},"29":{"start":{"line":104,"column":12},"end":{"line":104,"column":46}},"30":{"start":{"line":107,"column":12},"end":{"line":107,"column":33}},"31":{"start":{"line":110,"column":8},"end":{"line":114,"column":10}},"32":{"start":{"line":122,"column":8},"end":{"line":132,"column":10}},"33":{"start":{"line":140,"column":8},"end":{"line":140,"column":33}},"34":{"start":{"line":147,"column":8},"end":{"line":153,"column":10}},"35":{"start":{"line":161,"column":8},"end":{"line":161,"column":38}},"36":{"start":{"line":163,"column":31},"end":{"line":163,"column":71}},"37":{"start":{"line":165,"column":8},"end":{"line":167,"column":9}},"38":{"start":{"line":166,"column":12},"end":{"line":166,"column":53}},"39":{"start":{"line":169,"column":8},"end":{"line":169,"column":25}},"40":{"start":{"line":171,"column":8},"end":{"line":181,"column":10}},"41":{"start":{"line":188,"column":8},"end":{"line":192,"column":9}},"42":{"start":{"line":189,"column":12},"end":{"line":189,"column":53}},"43":{"start":{"line":190,"column":12},"end":{"line":190,"column":29}},"44":{"start":{"line":191,"column":12},"end":{"line":191,"column":24}},"45":{"start":{"line":193,"column":8},"end":{"line":193,"column":21}},"46":{"start":{"line":201,"column":8},"end":{"line":201,"column":36}},"47":{"start":{"line":209,"column":8},"end":{"line":209,"column":47}},"48":{"start":{"line":210,"column":8},"end":{"line":210,"column":25}},"49":{"start":{"line":218,"column":8},"end":{"line":218,"column":46}},"50":{"start":{"line":226,"column":8},"end":{"line":226,"column":42}},"51":{"start":{"line":227,"column":8},"end":{"line":227,"column":25}},"52":{"start":{"line":235,"column":8},"end":{"line":235,"column":39}},"53":{"start":{"line":243,"column":8},"end":{"line":252,"column":10}},"54":{"start":{"line":259,"column":8},"end":{"line":267,"column":10}},"55":{"start":{"line":268,"column":8},"end":{"line":268,"column":20}},"56":{"start":{"line":270,"column":8},"end":{"line":274,"column":9}},"57":{"start":{"line":271,"column":12},"end":{"line":271,"column":49}},"58":{"start":{"line":273,"column":12},"end":{"line":273,"column":64}},"59":{"start":{"line":281,"column":8},"end":{"line":281,"column":25}},"60":{"start":{"line":285,"column":4},"end":{"line":285,"column":11}},"61":{"start":{"line":288,"column":4},"end":{"line":306,"column":6}},"62":{"start":{"line":310,"column":0},"end":{"line":312,"column":1}},"63":{"start":{"line":311,"column":4},"end":{"line":311,"column":34}}},"fnMap":{"0":{"name":"(anonymous_0)","decl":{"start":{"line":6,"column":22},"end":{"line":6,"column":23}},"loc":{"start":{"line":6,"column":33},"end":{"line":307,"column":1}},"line":6},"1":{"name":"loadPlayerData","decl":{"start":{"line":42,"column":13},"end":{"line":42,"column":27}},"loc":{"start":{"line":42,"column":30},"end":{"line":52,"column":5}},"line":42},"2":{"name":"savePlayerData","decl":{"start":{"line":57,"column":13},"end":{"line":57,"column":27}},"loc":{"start":{"line":57,"column":30},"end":{"line":64,"column":5}},"line":57},"3":{"name":"calculatePoints","decl":{"start":{"line":72,"column":13},"end":{"line":72,"column":28}},"loc":{"start":{"line":72,"column":49},"end":{"line":78,"column":5}},"line":72},"4":{"name":"updateScore","decl":{"start":{"line":86,"column":13},"end":{"line":86,"column":24}},"loc":{"start":{"line":86,"column":50},"end":{"line":115,"column":5}},"line":86},"5":{"name":"getScore","decl":{"start":{"line":121,"column":13},"end":{"line":121,"column":21}},"loc":{"start":{"line":121,"column":24},"end":{"line":133,"column":5}},"line":121},"6":{"name":"getPlayerData","decl":{"start":{"line":139,"column":13},"end":{"line":139,"column":26}},"loc":{"start":{"line":139,"column":29},"end":{"line":141,"column":5}},"line":139},"7":{"name":"resetGame","decl":{"start":{"line":146,"column":13},"end":{"line":146,"column":22}},"loc":{"start":{"line":146,"column":25},"end":{"line":154,"column":5}},"line":146},"8":{"name":"endGame","decl":{"start":{"line":160,"column":13},"end":{"line":160,"column":20}},"loc":{"start":{"line":160,"column":23},"end":{"line":182,"column":5}},"line":160},"9":{"name":"saveHighScore","decl":{"start":{"line":187,"column":13},"end":{"line":187,"column":26}},"loc":{"start":{"line":187,"column":29},"end":{"line":194,"column":5}},"line":187},"10":{"name":"getHighScore","decl":{"start":{"line":200,"column":13},"end":{"line":200,"column":25}},"loc":{"start":{"line":200,"column":28},"end":{"line":202,"column":5}},"line":200},"11":{"name":"setLastDifficulty","decl":{"start":{"line":208,"column":13},"end":{"line":208,"column":30}},"loc":{"start":{"line":208,"column":43},"end":{"line":211,"column":5}},"line":208},"12":{"name":"getLastDifficulty","decl":{"start":{"line":217,"column":13},"end":{"line":217,"column":30}},"loc":{"start":{"line":217,"column":33},"end":{"line":219,"column":5}},"line":217},"13":{"name":"setSoundEnabled","decl":{"start":{"line":225,"column":13},"end":{"line":225,"column":28}},"loc":{"start":{"line":225,"column":38},"end":{"line":228,"column":5}},"line":225},"14":{"name":"isSoundEnabled","decl":{"start":{"line":234,"column":13},"end":{"line":234,"column":27}},"loc":{"start":{"line":234,"column":30},"end":{"line":236,"column":5}},"line":234},"15":{"name":"getLifetimeStats","decl":{"start":{"line":242,"column":13},"end":{"line":242,"column":29}},"loc":{"start":{"line":242,"column":32},"end":{"line":253,"column":5}},"line":242},"16":{"name":"clearAllData","decl":{"start":{"line":258,"column":13},"end":{"line":258,"column":25}},"loc":{"start":{"line":258,"column":28},"end":{"line":275,"column":5}},"line":258},"17":{"name":"init","decl":{"start":{"line":280,"column":13},"end":{"line":280,"column":17}},"loc":{"start":{"line":280,"column":20},"end":{"line":282,"column":5}},"line":280}},"branchMap":{"0":{"loc":{"start":{"line":45,"column":12},"end":{"line":48,"column":13}},"type":"if","locations":[{"start":{"line":45,"column":12},"end":{"line":48,"column":13}},{"start":{},"end":{}}],"line":45},"1":{"loc":{"start":{"line":86,"column":34},"end":{"line":86,"column":48}},"type":"default-arg","locations":[{"start":{"line":86,"column":47},"end":{"line":86,"column":48}}],"line":86},"2":{"loc":{"start":{"line":92,"column":8},"end":{"line":108,"column":9}},"type":"if","locations":[{"start":{"line":92,"column":8},"end":{"line":108,"column":9}},{"start":{"line":105,"column":15},"end":{"line":108,"column":9}}],"line":92},"3":{"loc":{"start":{"line":98,"column":12},"end":{"line":100,"column":13}},"type":"if","locations":[{"start":{"line":98,"column":12},"end":{"line":100,"column":13}},{"start":{},"end":{}}],"line":98},"4":{"loc":{"start":{"line":129,"column":22},"end":{"line":131,"column":19}},"type":"cond-expr","locations":[{"start":{"line":130,"column":18},"end":{"line":130,"column":87}},{"start":{"line":131,"column":18},"end":{"line":131,"column":19}}],"line":129},"5":{"loc":{"start":{"line":165,"column":8},"end":{"line":167,"column":9}},"type":"if","locations":[{"start":{"line":165,"column":8},"end":{"line":167,"column":9}},{"start":{},"end":{}}],"line":165},"6":{"loc":{"start":{"line":176,"column":22},"end":{"line":178,"column":19}},"type":"cond-expr","locations":[{"start":{"line":177,"column":18},"end":{"line":177,"column":87}},{"start":{"line":178,"column":18},"end":{"line":178,"column":19}}],"line":176},"7":{"loc":{"start":{"line":188,"column":8},"end":{"line":192,"column":9}},"type":"if","locations":[{"start":{"line":188,"column":8},"end":{"line":192,"column":9}},{"start":{},"end":{}}],"line":188},"8":{"loc":{"start":{"line":218,"column":15},"end":{"line":218,"column":45}},"type":"binary-expr","locations":[{"start":{"line":218,"column":15},"end":{"line":218,"column":40}},{"start":{"line":218,"column":44},"end":{"line":218,"column":45}}],"line":218},"9":{"loc":{"start":{"line":248,"column":22},"end":{"line":250,"column":19}},"type":"cond-expr","locations":[{"start":{"line":249,"column":18},"end":{"line":249,"column":104}},{"start":{"line":250,"column":18},"end":{"line":250,"column":19}}],"line":248},"10":{"loc":{"start":{"line":310,"column":0},"end":{"line":312,"column":1}},"type":"if","locations":[{"start":{"line":310,"column":0},"end":{"line":312,"column":1}},{"start":{},"end":{}}],"line":310},"11":{"loc":{"start":{"line":310,"column":4},"end":{"line":310,"column":51}},"type":"binary-expr","locations":[{"start":{"line":310,"column":4},"end":{"line":310,"column":33}},{"start":{"line":310,"column":37},"end":{"line":310,"column":51}}],"line":310}},"s":{"0":1,"1":1,"2":1,"3":1,"4":1,"5":28,"6":28,"7":28,"8":0,"9":0,"10":0,"11":16,"12":16,"13":16,"14":0,"15":39,"16":39,"17":39,"18":39,"19":46,"20":46,"21":46,"22":46,"23":39,"24":39,"25":39,"26":39,"27":36,"28":39,"29":39,"30":7,"31":46,"32":52,"33":0,"34":33,"35":10,"36":10,"37":10,"38":7,"39":10,"40":10,"41":2,"42":1,"43":1,"44":1,"45":1,"46":3,"47":2,"48":2,"49":3,"50":3,"51":3,"52":4,"53":3,"54":27,"55":27,"56":27,"57":27,"58":0,"59":28,"60":1,"61":1,"62":1,"63":1},"f":{"0":1,"1":28,"2":16,"3":39,"4":46,"5":52,"6":0,"7":33,"8":10,"9":2,"10":3,"11":2,"12":3,"13":3,"14":4,"15":3,"16":27,"17":28},"b":{"0":[0,28],"1":[41],"2":[39,7],"3":[36,3],"4":[48,4],"5":[7,3],"6":[8,2],"7":[1,1],"8":[3,0],"9":[1,2],"10":[1,0],"11":[1,1]},"_coverageSchema":"1a1c01bbd47fc00a2c39e90264f33305004495a9","hash":"a456da14c4889a2b8b0b9eefb2264b78156f8e8e"}
}
