TN:
SF:js/difficulty-manager.js
FN:6,(anonymous_0)
FN:34,getCurrentDifficulty
FN:42,getDifficultyName
FN:51,getDifficultyNameForLevel
FN:59,setDifficulty
FN:68,resetStreaks
FN:77,recordCorrect
FN:88,recordIncorrect
FN:99,checkForAdjustment
FN:136,adjustDifficulty
FN:146,getAllowedOperations
FN:164,getState
FN:180,reset
FN:190,getStats
FNF:14
FNH:13
FNDA:1,(anonymous_0)
FNDA:7,getCurrentDifficulty
FNDA:49,getDifficultyName
FNDA:0,getDifficultyNameForLevel
FNDA:4,setDifficulty
FNDA:53,resetStreaks
FNDA:22,recordCorrect
FNDA:10,recordIncorrect
FNDA:34,checkForAdjustment
FNDA:2,adjustDifficulty
FNDA:3,getAllowedOperations
FNDA:10,getState
FNDA:43,reset
FNDA:2,getStats
DA:6,1
DA:10,1
DA:11,1
DA:14,1
DA:15,1
DA:18,1
DA:25,1
DA:26,1
DA:27,1
DA:28,1
DA:35,7
DA:43,49
DA:52,0
DA:60,4
DA:61,4
DA:62,4
DA:69,53
DA:70,53
DA:78,22
DA:79,22
DA:81,22
DA:89,10
DA:90,10
DA:92,10
DA:100,34
DA:101,34
DA:102,34
DA:105,34
DA:106,4
DA:107,4
DA:108,4
DA:109,4
DA:110,4
DA:113,30
DA:114,2
DA:115,2
DA:116,2
DA:117,2
DA:118,2
DA:121,34
DA:137,2
DA:138,2
DA:139,2
DA:147,3
DA:148,0
DA:152,3
DA:157,3
DA:165,10
DA:181,43
DA:182,43
DA:183,43
DA:191,2
DA:206,1
DA:228,1
DA:229,1
LF:55
LH:53
BRDA:43,0,0,49
BRDA:43,0,1,0
BRDA:52,1,0,0
BRDA:52,1,1,0
BRDA:105,2,0,4
BRDA:105,2,1,30
BRDA:105,3,0,34
BRDA:105,3,1,5
BRDA:113,4,0,2
BRDA:113,4,1,28
BRDA:113,5,0,30
BRDA:113,5,1,3
BRDA:147,6,0,0
BRDA:147,6,1,3
BRDA:157,7,0,3
BRDA:157,7,1,0
BRDA:180,8,0,0
BRDA:228,9,0,1
BRDA:228,9,1,0
BRDA:228,10,0,1
BRDA:228,10,1,1
BRF:21
BRH:14
end_of_record
TN:
SF:js/math-engine.js
FN:7,(anonymous_0)
FN:48,getRandomInt
FN:58,generateProblemId
FN:69,calculateAnswer
FN:89,generateAdditionOperands
FN:100,generateSubtractionOperands
FN:117,generateMultiplicationOperands
FN:129,generateDivisionOperands
FN:146,generateOperands
FN:167,generateProblem
FN:209,checkAnswer
FN:228,getAllowedOperations
FN:238,getOperationSymbol
FN:247,getDifficultyConfig
FNF:14
FNH:14
FNDA:1,(anonymous_0)
FNDA:618,getRandomInt
FNDA:257,generateProblemId
FNDA:257,calculateAnswer
FNDA:83,generateAdditionOperands
FNDA:88,generateSubtractionOperands
FNDA:36,generateMultiplicationOperands
FNDA:50,generateDivisionOperands
FNDA:257,generateOperands
FNDA:257,generateProblem
FNDA:7,checkAnswer
FNDA:4,getAllowedOperations
FNDA:5,getOperationSymbol
FNDA:2,getDifficultyConfig
DA:7,1
DA:11,1
DA:35,1
DA:49,618
DA:50,618
DA:51,618
DA:59,257
DA:70,257
DA:72,83
DA:74,88
DA:76,36
DA:78,50
DA:80,0
DA:90,83
DA:91,83
DA:92,83
DA:101,88
DA:102,88
DA:105,88
DA:106,43
DA:109,88
DA:118,36
DA:119,36
DA:120,36
DA:121,36
DA:130,50
DA:133,50
DA:134,50
DA:135,50
DA:137,50
DA:147,257
DA:149,83
DA:151,88
DA:153,36
DA:155,50
DA:157,0
DA:169,257
DA:172,257
DA:173,104
DA:174,104
DA:178,257
DA:179,1
DA:183,257
DA:186,257
DA:189,257
DA:190,257
DA:192,257
DA:211,7
DA:214,7
DA:215,2
DA:219,5
DA:220,5
DA:229,4
DA:230,4
DA:239,5
DA:248,2
DA:252,1
DA:270,1
DA:271,1
LF:59
LH:57
BRDA:70,0,0,83
BRDA:70,0,1,88
BRDA:70,0,2,36
BRDA:70,0,3,50
BRDA:70,0,4,0
BRDA:105,1,0,43
BRDA:105,1,1,45
BRDA:105,2,0,88
BRDA:105,2,1,88
BRDA:118,3,0,36
BRDA:118,3,1,0
BRDA:130,4,0,50
BRDA:130,4,1,0
BRDA:147,5,0,83
BRDA:147,5,1,88
BRDA:147,5,2,36
BRDA:147,5,3,50
BRDA:147,5,4,0
BRDA:167,6,0,3
BRDA:169,7,0,257
BRDA:169,7,1,0
BRDA:172,8,0,104
BRDA:172,8,1,153
BRDA:178,9,0,1
BRDA:178,9,1,256
BRDA:189,10,0,257
BRDA:189,10,1,0
BRDA:214,11,0,2
BRDA:214,11,1,5
BRDA:229,12,0,4
BRDA:229,12,1,1
BRDA:239,13,0,5
BRDA:239,13,1,1
BRDA:248,14,0,2
BRDA:248,14,1,0
BRDA:270,15,0,1
BRDA:270,15,1,0
BRDA:270,16,0,1
BRDA:270,16,1,1
BRF:39
BRH:31
end_of_record
TN:
SF:js/score-manager.js
FN:6,(anonymous_0)
FN:42,loadPlayerData
FN:57,savePlayerData
FN:72,calculatePoints
FN:86,updateScore
FN:121,getScore
FN:139,getPlayerData
FN:146,resetGame
FN:160,endGame
FN:187,saveHighScore
FN:200,getHighScore
FN:208,setLastDifficulty
FN:217,getLastDifficulty
FN:225,setSoundEnabled
FN:234,isSoundEnabled
FN:242,getLifetimeStats
FN:258,clearAllData
FN:280,init
FNF:18
FNH:17
FNDA:1,(anonymous_0)
FNDA:28,loadPlayerData
FNDA:16,savePlayerData
FNDA:39,calculatePoints
FNDA:46,updateScore
FNDA:52,getScore
FNDA:0,getPlayerData
FNDA:33,resetGame
FNDA:10,endGame
FNDA:2,saveHighScore
FNDA:3,getHighScore
FNDA:2,setLastDifficulty
FNDA:3,getLastDifficulty
FNDA:3,setSoundEnabled
FNDA:4,isSoundEnabled
FNDA:3,getLifetimeStats
FNDA:27,clearAllData
FNDA:28,init
DA:6,1
DA:10,1
DA:13,1
DA:20,1
DA:29,1
DA:43,28
DA:44,28
DA:45,28
DA:46,0
DA:47,0
DA:50,0
DA:58,16
DA:59,16
DA:60,16
DA:62,0
DA:73,39
DA:74,39
DA:75,39
DA:77,39
DA:87,46
DA:88,46
DA:90,46
DA:92,46
DA:93,39
DA:94,39
DA:95,39
DA:98,39
DA:99,36
DA:103,39
DA:104,39
DA:107,7
DA:110,46
DA:122,52
DA:140,0
DA:147,33
DA:161,10
DA:163,10
DA:165,10
DA:166,7
DA:169,10
DA:171,10
DA:188,2
DA:189,1
DA:190,1
DA:191,1
DA:193,1
DA:201,3
DA:209,2
DA:210,2
DA:218,3
DA:226,3
DA:227,3
DA:235,4
DA:243,3
DA:259,27
DA:268,27
DA:270,27
DA:271,27
DA:273,0
DA:281,28
DA:285,1
DA:288,1
DA:310,1
DA:311,1
LF:64
LH:58
BRDA:45,0,0,0
BRDA:45,0,1,28
BRDA:86,1,0,41
BRDA:92,2,0,39
BRDA:92,2,1,7
BRDA:98,3,0,36
BRDA:98,3,1,3
BRDA:129,4,0,48
BRDA:129,4,1,4
BRDA:165,5,0,7
BRDA:165,5,1,3
BRDA:176,6,0,8
BRDA:176,6,1,2
BRDA:188,7,0,1
BRDA:188,7,1,1
BRDA:218,8,0,3
BRDA:218,8,1,0
BRDA:248,9,0,1
BRDA:248,9,1,2
BRDA:310,10,0,1
BRDA:310,10,1,0
BRDA:310,11,0,1
BRDA:310,11,1,1
BRF:23
BRH:20
end_of_record
